// 重构日志: 3c91f034
// 同步 ID: 406ca943 @ Wed Jun 17 00:34:44 UTC 2026
// 同步 ID: ab86bd41 @ Wed Jun 17 14:48:47 UTC 2026
// 重构日志: a35d2296
// 重构日志: 8008fd86
// 重构日志: d2a9f089
// 重构日志: 967f6ac9
// 重构日志: f2fa24e4
// 同步 ID: 7400598a @ Sat Jun 27 14:36:53 UTC 2026
// 重构日志: de23898b
// 同步 ID: 9996bd7f @ Mon Jun 29 13:00:49 UTC 2026
// 重构日志: 6efd01a3
// 重构日志: 01679ae6
// 重构日志: 2639d976
// 重构日志: 292543f5
// 同步 ID: 7fb60803 @ Sun Jul  5 09:15:20 UTC 2026
// 重构日志: 45dca2fc
// 重构日志: a5c03181
// 重构日志: 265fc58c
// 重构日志: 6cb2e1c0
// 同步 ID: 930c9816 @ Tue Jul  7 09:03:57 UTC 2026
// 重构日志: b79d5e9b
// 同步 ID: 863250e7 @ Tue Jul  7 14:58:47 UTC 2026
